[01:54] 645785112: start_command : User started the bot
[01:54] 645785112: unknown_command : Z
[01:55] 645785112: unknown_command : Zov
[01:55] 7676096317: /m : Message sent to 645785112: Соси хуй
[01:59] 645785112: start_command : User started the bot
[01:59] 645785112: unknown_command : Ну
[01:59] 645785112: unknown_command : Ку
[02:00] 7676096317: /m : Message sent to 645785112: егор срет в душе
[02:00] 7676096317: /m : Message sent to 1887854167: Думаешь, что я не могу тебе ответить?
[02:02] 7676096317: /m : Message sent to 1887854167: потанцуй, потанцуй, потанцуй...
[02:03] 7676096317: start_command : User started the bot
[02:04] 1887854167: unknown_command : Смэг зэт
[02:05] 7676096317: /m : Message sent to 1887854167: хорошо
[02:05] 7676096317: /m : Message sent to 1887854167: лучше скажи, почему не спишь
[02:07] 1887854167: unknown_command : О тебе думаю
[02:08] 7676096317: /m : Message sent to 1887854167: оч смешно
[02:08] 1887854167: unknown_command : Этот анекдот мне дел рассказывал
[02:09] 7676096317: /m : Message sent to 1887854167: блин, теперь мне интересно кто ты
[02:10] 1887854167: unknown_command : Ну и какие догадки?
[02:11] 7676096317: /m : Message sent to 1887854167: Антон Макей
[02:11] 1887854167: unknown_command : Блин че так быстро 😁😁
[02:12] 7676096317: /m : Message sent to 1887854167: лан, а если серьезно. Кто ты
[02:13] 1887854167: unknown_command : А тебе все скажи
[02:14] 7676096317: /m : Message sent to 1887854167: ну полагаю, что ты меня даже не знаешь
[02:15] 1887854167: unknown_command : Не исключено, как и тот факт, что я тебя достаточно знаю
[02:17] 7676096317: /m : Message sent to 1887854167: ну, если знаешь, хоть что-то обо мне скажи. Чтобы были догадки. Не интересно так общаться, нужна загадка, у которой есть решение
[02:19] 1887854167: unknown_command : Острое любишь
[02:20] 7676096317: /m : Message sent to 1887854167: мимо, хорошая попытка
[02:21] 1887854167: unknown_command : Выходит, я лучше знаю тебя, чем ты сам)
[02:32] 7676096317: /m : Message sent to 1887854167: 🐈💨
[02:32] 1887854167: unknown_command
[02:33] 1887854167: unknown_command
[02:33] 1887854167: unknown_command : 🛺🛺🛺
[02:37] 1887854167: unknown_command : Лалала
[02:37] 7676096317: /m : Message sent to 1887854167: реально взломали
[02:37] 1887854167: unknown_command : Плаке плаке
[02:39] 7676096317: /m : Message sent to 1887854167: смэк зэт
[02:41] 7676096317: /m : Message sent to 1887854167: лан, доброй ночи, ты 🐱
[02:42] 1887854167: unknown_command : Аяяй
[02:42] 1887854167: unknown_command : Сладких снов))🐰
[02:43] 1887854167: unknown_command : Долго добавлял эту функцию?
[02:44] 7676096317: /m : Message sent to 1887854167: не особо, минут 40
[02:45] 1887854167: unknown_command : Крутой
[02:46] 7676096317: /m : Message sent to 1887854167: ты тож, *наггец с лицом из роблокса*
[02:46] 1887854167: unknown_command : Ойойой
[02:49] 7676096317: /m : Message sent to 1887854167: пошли в роблокс
[02:49] 1887854167: unknown_command : Я знаю только доту 2
[02:50] 7676096317: /m : Message sent to 1887854167: функцию бана я добавлю следующей
[02:50] 1887854167: unknown_command : ))))
[02:51] 7676096317: /m : Message sent to 1887854167: я покажу, что такое роблок. я там всегда хотел построить свой крутой мир оч продуманный. это великолепная платформа, где люди создают сами уровни и способны их монетизировать. Эта игра конкурирует по популярности с майнкрафтом, и недавно даже у них было IPO (в 2020), во время ковида цена их акций прям взлете
[02:51] 7676096317: /m : Message sent to 1887854167: короче игра крутая, я покажу
[02:52] 1887854167: unknown_command : Это интересно!!
[02:52] 7676096317: /m : Message sent to 1887854167: это да?
[02:53] 1887854167: unknown_command : Это да
[02:53] 7676096317: /m : Message sent to 1887854167: вот это да!
[02:54] 7676096317: /m : Message sent to 1887854167: ладно, теперь реально доброй ночи таинственная незнакомка. Кем бы ты ни была, ты точно интересный человек. Тем более, если общалась с ботом, не зная, что я увижу его логи
[02:56] 1887854167: unknown_command : Доброй ночи! Спасибо за комплимент :D С ботами круто общаться, особенно когда там точно все анонимно, как здесь)
[03:04] 7676096317: start_command : User started the bot
[03:48] 7676096317: start_command : User started the bot
[03:48] 7676096317: file_print : User requested file print
[03:48] 7676096317: cancel : User cancelled the print
[03:50] 7676096317: start_command : User started the bot
[09:10] 7676096317: start_command : User started the bot
[09:41] 1986077570: file_print : User requested file print
[10:06] 1986077570: handle_document : User uploaded a document for printing, {doc.file_name}, {doc.file_size} bytes
[10:06] 1986077570: handle_document : Processing file: Вариант III.docx
[10:06] 1986077570: handle_document : Downloading file: documents/file_78.docx
[10:06] 1986077570: handle_document : File downloaded successfully: documents/file_78.docx
[10:08] 1986077570: handle_document : Converted DOCX to PDF: data/tmp/converted.pdf
[10:09] 1986077570: start_command : User started the bot
[11:48] 7676096317: /m : Message sent to 1986077570: вижу ты отправлял(а) документ на печать, но не распечатало. Приношу извинения, ковырялся в боте и немного его сломал. С меня бесплатно 5 страниц в следующий раз)
